<?xml version="1.0" encoding="UTF-8"?>
<testng-results ignored="0" total="1" passed="1" failed="0" skipped="0">
  <reporter-output>
  </reporter-output>
  <suite started-at="2025-06-18T12:57:40 IST" name="Default suite" finished-at="2025-06-18T12:57:45 IST" duration-ms="5003">
    <groups>
    </groups>
    <test started-at="2025-06-18T12:57:40 IST" name="Default test" finished-at="2025-06-18T12:57:45 IST" duration-ms="5003">
      <class name="com.demo.Demo">
        <test-method signature="testLogin()[pri:0, instance:com.demo.Demo@3fc9dfc5]" started-at="2025-06-18T12:57:40 IST" name="testLogin" finished-at="2025-06-18T12:57:45 IST" duration-ms="4972" status="PASS">
          <reporter-output>
          </reporter-output>
        </test-method> <!-- testLogin -->
      </class> <!-- com.demo.Demo -->
    </test> <!-- Default test -->
  </suite> <!-- Default suite -->
</testng-results>
